<?xml version="1.0" encoding="UTF-8"?>
<testng-results ignored="0" total="1" passed="0" failed="1" skipped="0">
  <reporter-output>
  </reporter-output>
  <suite started-at="2024-10-01T19:58:25 IST" name="Default suite" finished-at="2024-10-01T19:59:26 IST" duration-ms="61579">
    <groups>
      <group name="cucumber">
        <method signature="AbstractTestNGCucumberTests.runScenario(io.cucumber.testng.PickleWrapper,io.cucumber.testng.FeatureWrapper)[pri:0, instance:com.Runner.RunnerTestNG@24569dba]" name="runScenario" class="io.cucumber.testng.AbstractTestNGCucumberTests"/>
      </group> <!-- cucumber -->
    </groups>
    <test started-at="2024-10-01T19:58:25 IST" name="Default test" finished-at="2024-10-01T19:59:26 IST" duration-ms="61579">
      <class name="com.Runner.RunnerTestNG">
        <test-method is-config="true" signature="setUpClass(org.testng.ITestContext)[pri:0, instance:com.Runner.RunnerTestNG@24569dba]" started-at="2024-10-01T19:58:25 IST" name="setUpClass" finished-at="2024-10-01T19:58:25 IST" duration-ms="293" status="PASS">
          <params>
            <param index="0">
              <value>
                <![CDATA[org.testng.TestRunner@2116b68b]]>
              </value>
            </param>
          </params>
          <reporter-output>
          </reporter-output>
        </test-method> <!-- setUpClass -->
        <test-method signature="runScenario(io.cucumber.testng.PickleWrapper,io.cucumber.testng.FeatureWrapper)[pri:0, instance:com.Runner.RunnerTestNG@24569dba]" started-at="2024-10-01T19:58:25 IST" name="runScenario" description="Runs Cucumber Scenarios" data-provider="scenarios" finished-at="2024-10-01T19:59:26 IST" duration-ms="61220" status="FAIL">
          <params>
            <param index="0">
              <value>
                <![CDATA["A user must be able to perform in the Cart"]]>
              </value>
            </param>
            <param index="1">
              <value>
                <![CDATA["Optional[Performs all operations in the cart]"]]>
              </value>
            </param>
          </params>
          <exception class="org.openqa.selenium.ElementClickInterceptedException">
            <message>
              <![CDATA[element click intercepted: Element <img src="//cdn.fcglcdn.com/brainbees/images/products/300x364/18137794a.webp" data-clone="18137794a.jpg;18137794b.jpg;18137794c.jpg;18137794d.jpg;" alt="Babyhug Disney  Single Jersey Knit Full Sleeves Shirt With Winnie &amp; Friends Print &amp; Pocket Detailing - White" title="Babyhug Disney  Single Jersey Knit Full Sleeves Shirt With Winnie &amp; Friends Print &amp; Pocket Detailing - White" class="fade_img"> is not clickable at point (432, 488). Other element would receive the click: <span class="wt lft">...</span>
  (Session info: chrome=129.0.6668.70)
Build info: version: '4.20.0', revision: '866c76ca80'
System info: os.name: 'Windows 10', os.arch: 'amd64', os.version: '10.0', java.version: '17.0.10'
Driver info: org.openqa.selenium.chrome.ChromeDriver
Command: [2c59dee8319fd97286bc73a5f32358fd, clickElement {id=f.E5EFC7A82FA43DC5B35BAE98A0DA9C2B.d.DD44C7E86428EAEB29E748924CD2F856.e.226}]
Capabilities {acceptInsecureCerts: false, browserName: chrome, browserVersion: 129.0.6668.70, chrome: {chromedriverVersion: 129.0.6668.70 (df87d5cf12b1..., userDataDir: C:\Users\ADARSH~1.YAD\AppDa...}, fedcm:accounts: true, goog:chromeOptions: {debuggerAddress: localhost:55289}, networkConnectionEnabled: false, pageLoadStrategy: normal, platformName: windows, proxy: Proxy(), se:cdp: ws://localhost:55289/devtoo..., se:cdpVersion: 129.0.6668.70, setWindowRect: true, strictFileInteractability: false, timeouts: {implicit: 0, pageLoad: 300000, script: 30000}, unhandledPromptBehavior: dismiss and notify, webauthn:extension:credBlob: true, webauthn:extension:largeBlob: true, webauthn:extension:minPinLength: true, webauthn:extension:prf: true, webauthn:virtualAuthenticators: true}
Element: [[ChromeDriver: chrome on windows (2c59dee8319fd97286bc73a5f32358fd)] -> xpath: //img[@title="Babyhug Disney  Single Jersey Knit Full Sleeves Shirt With Winnie & Friends Print & Pocket Detailing - White"]]
Session ID: 2c59dee8319fd97286bc73a5f32358fd]]>
            </message>
            <full-stacktrace>
              <![CDATA[org.openqa.selenium.ElementClickInterceptedException: element click intercepted: Element <img src="//cdn.fcglcdn.com/brainbees/images/products/300x364/18137794a.webp" data-clone="18137794a.jpg;18137794b.jpg;18137794c.jpg;18137794d.jpg;" alt="Babyhug Disney  Single Jersey Knit Full Sleeves Shirt With Winnie &amp; Friends Print &amp; Pocket Detailing - White" title="Babyhug Disney  Single Jersey Knit Full Sleeves Shirt With Winnie &amp; Friends Print &amp; Pocket Detailing - White" class="fade_img"> is not clickable at point (432, 488). Other element would receive the click: <span class="wt lft">...</span>
  (Session info: chrome=129.0.6668.70)
Build info: version: '4.20.0', revision: '866c76ca80'
System info: os.name: 'Windows 10', os.arch: 'amd64', os.version: '10.0', java.version: '17.0.10'
Driver info: org.openqa.selenium.chrome.ChromeDriver
Command: [2c59dee8319fd97286bc73a5f32358fd, clickElement {id=f.E5EFC7A82FA43DC5B35BAE98A0DA9C2B.d.DD44C7E86428EAEB29E748924CD2F856.e.226}]
Capabilities {acceptInsecureCerts: false, browserName: chrome, browserVersion: 129.0.6668.70, chrome: {chromedriverVersion: 129.0.6668.70 (df87d5cf12b1..., userDataDir: C:\Users\ADARSH~1.YAD\AppDa...}, fedcm:accounts: true, goog:chromeOptions: {debuggerAddress: localhost:55289}, networkConnectionEnabled: false, pageLoadStrategy: normal, platformName: windows, proxy: Proxy(), se:cdp: ws://localhost:55289/devtoo..., se:cdpVersion: 129.0.6668.70, setWindowRect: true, strictFileInteractability: false, timeouts: {implicit: 0, pageLoad: 300000, script: 30000}, unhandledPromptBehavior: dismiss and notify, webauthn:extension:credBlob: true, webauthn:extension:largeBlob: true, webauthn:extension:minPinLength: true, webauthn:extension:prf: true, webauthn:virtualAuthenticators: true}
Element: [[ChromeDriver: chrome on windows (2c59dee8319fd97286bc73a5f32358fd)] -> xpath: //img[@title="Babyhug Disney  Single Jersey Knit Full Sleeves Shirt With Winnie & Friends Print & Pocket Detailing - White"]]
Session ID: 2c59dee8319fd97286bc73a5f32358fd
at java.base/jdk.internal.reflect.NativeConstructorAccessorImpl.newInstance0(Native Method)
at java.base/jdk.internal.reflect.NativeConstructorAccessorImpl.newInstance(NativeConstructorAccessorImpl.java:77)
at java.base/jdk.internal.reflect.DelegatingConstructorAccessorImpl.newInstance(DelegatingConstructorAccessorImpl.java:45)
at java.base/java.lang.reflect.Constructor.newInstanceWithCaller(Constructor.java:499)
at java.base/java.lang.reflect.Constructor.newInstance(Constructor.java:480)
at org.openqa.selenium.remote.ErrorCodec.decode(ErrorCodec.java:167)
at org.openqa.selenium.remote.codec.w3c.W3CHttpResponseCodec.decode(W3CHttpResponseCodec.java:138)
at org.openqa.selenium.remote.codec.w3c.W3CHttpResponseCodec.decode(W3CHttpResponseCodec.java:50)
at org.openqa.selenium.remote.HttpCommandExecutor.execute(HttpCommandExecutor.java:190)
at org.openqa.selenium.remote.service.DriverCommandExecutor.invokeExecute(DriverCommandExecutor.java:216)
at org.openqa.selenium.remote.service.DriverCommandExecutor.execute(DriverCommandExecutor.java:174)
at org.openqa.selenium.remote.RemoteWebDriver.execute(RemoteWebDriver.java:518)
at org.openqa.selenium.remote.RemoteWebElement.execute(RemoteWebElement.java:223)
at org.openqa.selenium.remote.RemoteWebElement.click(RemoteWebElement.java:76)
at com.page.SearchPage.Select_product(SearchPage.java:21)
at com.stepsDefinitions.CartSteps.User_clicks_on_first_result(CartSteps.java:97)
at ✽.User clicks on first result(file:///C:/Users/adarsh.yadav/eclipse-workspace/FirstCryProject/src/test/resource/com/Features/Cart.feature:9)
]]>
            </full-stacktrace>
          </exception> <!-- org.openqa.selenium.ElementClickInterceptedException -->
          <reporter-output>
          </reporter-output>
        </test-method> <!-- runScenario -->
        <test-method is-config="true" signature="tearDownClass()[pri:0, instance:com.Runner.RunnerTestNG@24569dba]" started-at="2024-10-01T19:59:26 IST" name="tearDownClass" finished-at="2024-10-01T19:59:26 IST" duration-ms="9" status="PASS">
          <reporter-output>
          </reporter-output>
        </test-method> <!-- tearDownClass -->
      </class> <!-- com.Runner.RunnerTestNG -->
    </test> <!-- Default test -->
  </suite> <!-- Default suite -->
</testng-results>
